<?xml version="1.0" encoding="UTF-8"?>
<!-- Generated by org.testng.reporters.JUnitReportReporter -->
<testsuite hostname="DESKTOP-K7RU2M4" failures="0" tests="78" name="dsalgo_stepdefinition.TestRunner" time="126.560" errors="0" timestamp="2024-05-15T22:20:08 EDT" skipped="0">
  <testcase classname="dsalgo_stepdefinition.TestRunner" name="runScenario" time="1.335"/>
  <testcase classname="dsalgo_stepdefinition.TestRunner" name="runScenario" time="0.791"/>
  <testcase classname="dsalgo_stepdefinition.TestRunner" name="runScenario" time="1.545"/>
  <testcase classname="dsalgo_stepdefinition.TestRunner" name="runScenario" time="1.360"/>
  <testcase classname="dsalgo_stepdefinition.TestRunner" name="runScenario" time="2.242"/>
  <testcase classname="dsalgo_stepdefinition.TestRunner" name="runScenario" time="1.523"/>
  <testcase classname="dsalgo_stepdefinition.TestRunner" name="runScenario" time="4.460"/>
  <testcase classname="dsalgo_stepdefinition.TestRunner" name="runScenario" time="0.300"/>
  <testcase classname="dsalgo_stepdefinition.TestRunner" name="runScenario" time="2.001"/>
  <testcase classname="dsalgo_stepdefinition.TestRunner" name="runScenario" time="2.250"/>
  <testcase classname="dsalgo_stepdefinition.TestRunner" name="runScenario" time="2.396"/>
  <testcase classname="dsalgo_stepdefinition.TestRunner" name="runScenario" time="0.977"/>
  <testcase classname="dsalgo_stepdefinition.TestRunner" name="runScenario" time="1.392"/>
  <testcase classname="dsalgo_stepdefinition.TestRunner" name="runScenario" time="2.241"/>
  <testcase classname="dsalgo_stepdefinition.TestRunner" name="runScenario" time="0.434"/>
  <testcase classname="dsalgo_stepdefinition.TestRunner" name="runScenario" time="0.445"/>
  <testcase classname="dsalgo_stepdefinition.TestRunner" name="runScenario" time="0.170"/>
  <testcase classname="dsalgo_stepdefinition.TestRunner" name="runScenario" time="1.533"/>
  <testcase classname="dsalgo_stepdefinition.TestRunner" name="runScenario" time="0.640"/>
  <testcase classname="dsalgo_stepdefinition.TestRunner" name="runScenario" time="0.391"/>
  <testcase classname="dsalgo_stepdefinition.TestRunner" name="runScenario" time="2.285"/>
  <testcase classname="dsalgo_stepdefinition.TestRunner" name="runScenario" time="1.321"/>
  <testcase classname="dsalgo_stepdefinition.TestRunner" name="runScenario" time="1.900"/>
  <testcase classname="dsalgo_stepdefinition.TestRunner" name="runScenario" time="2.655"/>
  <testcase classname="dsalgo_stepdefinition.TestRunner" name="runScenario" time="0.462"/>
  <testcase classname="dsalgo_stepdefinition.TestRunner" name="runScenario" time="1.417"/>
  <testcase classname="dsalgo_stepdefinition.TestRunner" name="runScenario" time="1.442"/>
  <testcase classname="dsalgo_stepdefinition.TestRunner" name="runScenario" time="2.475"/>
  <testcase classname="dsalgo_stepdefinition.TestRunner" name="runScenario" time="2.339"/>
  <testcase classname="dsalgo_stepdefinition.TestRunner" name="runScenario" time="2.262"/>
  <testcase classname="dsalgo_stepdefinition.TestRunner" name="runScenario" time="0.304"/>
  <testcase classname="dsalgo_stepdefinition.TestRunner" name="runScenario" time="0.481"/>
  <testcase classname="dsalgo_stepdefinition.TestRunner" name="runScenario" time="0.700"/>
  <testcase classname="dsalgo_stepdefinition.TestRunner" name="runScenario" time="2.313"/>
  <testcase classname="dsalgo_stepdefinition.TestRunner" name="runScenario" time="6.073"/>
  <testcase classname="dsalgo_stepdefinition.TestRunner" name="runScenario" time="2.606"/>
  <testcase classname="dsalgo_stepdefinition.TestRunner" name="runScenario" time="0.305"/>
  <testcase classname="dsalgo_stepdefinition.TestRunner" name="runScenario" time="2.647"/>
  <testcase classname="dsalgo_stepdefinition.TestRunner" name="runScenario" time="2.276"/>
  <testcase classname="dsalgo_stepdefinition.TestRunner" name="runScenario" time="3.175"/>
  <testcase classname="dsalgo_stepdefinition.TestRunner" name="runScenario" time="0.197"/>
  <testcase classname="dsalgo_stepdefinition.TestRunner" name="runScenario" time="0.306"/>
  <testcase classname="dsalgo_stepdefinition.TestRunner" name="runScenario" time="0.412"/>
  <testcase classname="dsalgo_stepdefinition.TestRunner" name="runScenario" time="2.331"/>
  <testcase classname="dsalgo_stepdefinition.TestRunner" name="runScenario" time="1.597"/>
  <testcase classname="dsalgo_stepdefinition.TestRunner" name="runScenario" time="0.384"/>
  <testcase classname="dsalgo_stepdefinition.TestRunner" name="runScenario" time="0.688"/>
  <testcase classname="dsalgo_stepdefinition.TestRunner" name="runScenario" time="2.186"/>
  <testcase classname="dsalgo_stepdefinition.TestRunner" name="runScenario" time="1.325"/>
  <testcase classname="dsalgo_stepdefinition.TestRunner" name="runScenario" time="0.583"/>
  <testcase classname="dsalgo_stepdefinition.TestRunner" name="runScenario" time="2.368"/>
  <testcase classname="dsalgo_stepdefinition.TestRunner" name="runScenario" time="1.506"/>
  <testcase classname="dsalgo_stepdefinition.TestRunner" name="runScenario" time="0.477"/>
  <testcase classname="dsalgo_stepdefinition.TestRunner" name="runScenario" time="1.482"/>
  <testcase classname="dsalgo_stepdefinition.TestRunner" name="runScenario" time="2.414"/>
  <testcase classname="dsalgo_stepdefinition.TestRunner" name="runScenario" time="2.090"/>
  <testcase classname="dsalgo_stepdefinition.TestRunner" name="runScenario" time="1.384"/>
  <testcase classname="dsalgo_stepdefinition.TestRunner" name="runScenario" time="2.408"/>
  <testcase classname="dsalgo_stepdefinition.TestRunner" name="runScenario" time="0.424"/>
  <testcase classname="dsalgo_stepdefinition.TestRunner" name="runScenario" time="0.387"/>
  <testcase classname="dsalgo_stepdefinition.TestRunner" name="runScenario" time="1.339"/>
  <testcase classname="dsalgo_stepdefinition.TestRunner" name="runScenario" time="0.256"/>
  <testcase classname="dsalgo_stepdefinition.TestRunner" name="runScenario" time="1.545"/>
  <testcase classname="dsalgo_stepdefinition.TestRunner" name="runScenario" time="1.325"/>
  <testcase classname="dsalgo_stepdefinition.TestRunner" name="runScenario" time="2.665"/>
  <testcase classname="dsalgo_stepdefinition.TestRunner" name="runScenario" time="0.460"/>
  <testcase classname="dsalgo_stepdefinition.TestRunner" name="runScenario" time="2.436"/>
  <testcase classname="dsalgo_stepdefinition.TestRunner" name="runScenario" time="2.521"/>
  <testcase classname="dsalgo_stepdefinition.TestRunner" name="runScenario" time="1.572"/>
  <testcase classname="dsalgo_stepdefinition.TestRunner" name="runScenario" time="1.563"/>
  <testcase classname="dsalgo_stepdefinition.TestRunner" name="runScenario" time="2.346"/>
  <testcase classname="dsalgo_stepdefinition.TestRunner" name="runScenario" time="2.307"/>
  <testcase classname="dsalgo_stepdefinition.TestRunner" name="runScenario" time="2.887"/>
  <testcase classname="dsalgo_stepdefinition.TestRunner" name="runScenario" time="0.295"/>
  <testcase classname="dsalgo_stepdefinition.TestRunner" name="runScenario" time="4.761"/>
  <testcase classname="dsalgo_stepdefinition.TestRunner" name="runScenario" time="2.329"/>
  <testcase classname="dsalgo_stepdefinition.TestRunner" name="runScenario" time="0.859"/>
  <testcase classname="dsalgo_stepdefinition.TestRunner" name="runScenario" time="2.281"/>
</testsuite> <!-- dsalgo_stepdefinition.TestRunner -->
