<?xml version="1.0" encoding="UTF-8"?>
<!-- Generated by org.testng.reporters.JUnitReportReporter -->
<<<<<<< HEAD
<testsuite hostname="DESKTOP-K7RU2M4" failures="0" tests="48" name="dsalgo_stepdefinition.TestRunner" time="51.013" errors="0" timestamp="2024-05-10T22:38:19 EDT" skipped="0">
  <testcase classname="dsalgo_stepdefinition.TestRunner" name="runScenario" time="1.419"/>
  <testcase classname="dsalgo_stepdefinition.TestRunner" name="runScenario" time="1.397"/>
  <testcase classname="dsalgo_stepdefinition.TestRunner" name="runScenario" time="0.817"/>
  <testcase classname="dsalgo_stepdefinition.TestRunner" name="runScenario" time="1.274"/>
  <testcase classname="dsalgo_stepdefinition.TestRunner" name="runScenario" time="0.538"/>
  <testcase classname="dsalgo_stepdefinition.TestRunner" name="runScenario" time="0.424"/>
  <testcase classname="dsalgo_stepdefinition.TestRunner" name="runScenario" time="1.445"/>
  <testcase classname="dsalgo_stepdefinition.TestRunner" name="runScenario" time="0.299"/>
  <testcase classname="dsalgo_stepdefinition.TestRunner" name="runScenario" time="0.440"/>
  <testcase classname="dsalgo_stepdefinition.TestRunner" name="runScenario" time="1.421"/>
  <testcase classname="dsalgo_stepdefinition.TestRunner" name="runScenario" time="0.372"/>
  <testcase classname="dsalgo_stepdefinition.TestRunner" name="runScenario" time="0.398"/>
  <testcase classname="dsalgo_stepdefinition.TestRunner" name="runScenario" time="0.198"/>
  <testcase classname="dsalgo_stepdefinition.TestRunner" name="runScenario" time="1.564"/>
  <testcase classname="dsalgo_stepdefinition.TestRunner" name="runScenario" time="1.616"/>
  <testcase classname="dsalgo_stepdefinition.TestRunner" name="runScenario" time="1.560"/>
  <testcase classname="dsalgo_stepdefinition.TestRunner" name="runScenario" time="2.273"/>
  <testcase classname="dsalgo_stepdefinition.TestRunner" name="runScenario" time="1.551"/>
  <testcase classname="dsalgo_stepdefinition.TestRunner" name="runScenario" time="0.258"/>
  <testcase classname="dsalgo_stepdefinition.TestRunner" name="runScenario" time="0.212"/>
  <testcase classname="dsalgo_stepdefinition.TestRunner" name="runScenario" time="3.703"/>
  <testcase classname="dsalgo_stepdefinition.TestRunner" name="runScenario" time="1.613"/>
  <testcase classname="dsalgo_stepdefinition.TestRunner" name="runScenario" time="0.308"/>
  <testcase classname="dsalgo_stepdefinition.TestRunner" name="runScenario" time="1.400"/>
  <testcase classname="dsalgo_stepdefinition.TestRunner" name="runScenario" time="0.375"/>
  <testcase classname="dsalgo_stepdefinition.TestRunner" name="runScenario" time="0.495"/>
  <testcase classname="dsalgo_stepdefinition.TestRunner" name="runScenario" time="0.415"/>
  <testcase classname="dsalgo_stepdefinition.TestRunner" name="runScenario" time="0.441"/>
  <testcase classname="dsalgo_stepdefinition.TestRunner" name="runScenario" time="3.618"/>
  <testcase classname="dsalgo_stepdefinition.TestRunner" name="runScenario" time="0.298"/>
  <testcase classname="dsalgo_stepdefinition.TestRunner" name="runScenario" time="0.261"/>
  <testcase classname="dsalgo_stepdefinition.TestRunner" name="runScenario" time="0.367"/>
  <testcase classname="dsalgo_stepdefinition.TestRunner" name="runScenario" time="0.748"/>
  <testcase classname="dsalgo_stepdefinition.TestRunner" name="runScenario" time="1.879"/>
  <testcase classname="dsalgo_stepdefinition.TestRunner" name="runScenario" time="0.376"/>
  <testcase classname="dsalgo_stepdefinition.TestRunner" name="runScenario" time="1.579"/>
  <testcase classname="dsalgo_stepdefinition.TestRunner" name="runScenario" time="1.386"/>
  <testcase classname="dsalgo_stepdefinition.TestRunner" name="runScenario" time="1.418"/>
  <testcase classname="dsalgo_stepdefinition.TestRunner" name="runScenario" time="1.721"/>
  <testcase classname="dsalgo_stepdefinition.TestRunner" name="runScenario" time="1.386"/>
  <testcase classname="dsalgo_stepdefinition.TestRunner" name="runScenario" time="1.611"/>
  <testcase classname="dsalgo_stepdefinition.TestRunner" name="runScenario" time="0.563"/>
  <testcase classname="dsalgo_stepdefinition.TestRunner" name="runScenario" time="0.451"/>
  <testcase classname="dsalgo_stepdefinition.TestRunner" name="runScenario" time="0.381"/>
  <testcase classname="dsalgo_stepdefinition.TestRunner" name="runScenario" time="1.546"/>
  <testcase classname="dsalgo_stepdefinition.TestRunner" name="runScenario" time="1.387"/>
  <testcase classname="dsalgo_stepdefinition.TestRunner" name="runScenario" time="1.558"/>
  <testcase classname="dsalgo_stepdefinition.TestRunner" name="runScenario" time="0.253"/>
=======
<testsuite hostname="SenthilKumar" failures="0" tests="14" name="dsalgo_stepdefinition.TestRunner" time="21.453" errors="0" timestamp="2024-05-11T14:03:58 EDT" skipped="0">
  <testcase classname="dsalgo_stepdefinition.TestRunner" name="runScenario" time="2.112"/>
  <testcase classname="dsalgo_stepdefinition.TestRunner" name="runScenario" time="0.540"/>
  <testcase classname="dsalgo_stepdefinition.TestRunner" name="runScenario" time="1.050"/>
  <testcase classname="dsalgo_stepdefinition.TestRunner" name="runScenario" time="1.553"/>
  <testcase classname="dsalgo_stepdefinition.TestRunner" name="runScenario" time="1.937"/>
  <testcase classname="dsalgo_stepdefinition.TestRunner" name="runScenario" time="2.149"/>
  <testcase classname="dsalgo_stepdefinition.TestRunner" name="runScenario" time="2.095"/>
  <testcase classname="dsalgo_stepdefinition.TestRunner" name="runScenario" time="0.201"/>
  <testcase classname="dsalgo_stepdefinition.TestRunner" name="runScenario" time="3.337"/>
  <testcase classname="dsalgo_stepdefinition.TestRunner" name="runScenario" time="0.271"/>
  <testcase classname="dsalgo_stepdefinition.TestRunner" name="runScenario" time="2.228"/>
  <testcase classname="dsalgo_stepdefinition.TestRunner" name="runScenario" time="0.448"/>
  <testcase classname="dsalgo_stepdefinition.TestRunner" name="runScenario" time="2.293"/>
  <testcase classname="dsalgo_stepdefinition.TestRunner" name="runScenario" time="1.239"/>
>>>>>>> Ahalya_WIP
</testsuite> <!-- dsalgo_stepdefinition.TestRunner -->
