<?xml version="1.0" encoding="UTF-8"?>
<!-- Generated by org.testng.reporters.JUnitReportReporter -->
<testsuite hostname="SenthilKumar" failures="0" tests="8" name="dsalgo_stepdefinition.TestRunner2" time="332.329" errors="0" timestamp="2024-05-23T17:37:53 EDT" skipped="0">
  <testcase classname="dsalgo_stepdefinition.TestRunner2" name="runScenario" time="41.908"/>
  <testcase classname="dsalgo_stepdefinition.TestRunner2" name="runScenario" time="41.578"/>
  <testcase classname="dsalgo_stepdefinition.TestRunner2" name="runScenario" time="41.629"/>
  <testcase classname="dsalgo_stepdefinition.TestRunner2" name="runScenario" time="41.881"/>
  <testcase classname="dsalgo_stepdefinition.TestRunner2" name="runScenario" time="40.948"/>
  <testcase classname="dsalgo_stepdefinition.TestRunner2" name="runScenario" time="41.699"/>
  <testcase classname="dsalgo_stepdefinition.TestRunner2" name="runScenario" time="41.445"/>
  <testcase classname="dsalgo_stepdefinition.TestRunner2" name="runScenario" time="41.241"/>
</testsuite> <!-- dsalgo_stepdefinition.TestRunner2 -->
