<?xml version="1.0" encoding="UTF-8"?>
<!-- Generated by org.testng.reporters.JUnitReportReporter -->
<testsuite hostname="SenthilKumar" failures="0" tests="8" name="dsalgo_stepdefinition.TestRunner" time="12.357" errors="0" timestamp="2024-04-30T11:48:43 EDT" skipped="0">
  <testcase classname="dsalgo_stepdefinition.TestRunner" name="runScenario" time="0.371"/>
  <testcase classname="dsalgo_stepdefinition.TestRunner" name="runScenario" time="2.374"/>
  <testcase classname="dsalgo_stepdefinition.TestRunner" name="runScenario" time="0.422"/>
  <testcase classname="dsalgo_stepdefinition.TestRunner" name="runScenario" time="3.494"/>
  <testcase classname="dsalgo_stepdefinition.TestRunner" name="runScenario" time="3.845"/>
  <testcase classname="dsalgo_stepdefinition.TestRunner" name="runScenario" time="0.777"/>
  <testcase classname="dsalgo_stepdefinition.TestRunner" name="runScenario" time="0.671"/>
  <testcase classname="dsalgo_stepdefinition.TestRunner" name="runScenario" time="0.403"/>
</testsuite> <!-- dsalgo_stepdefinition.TestRunner -->
