<?xml version="1.0" encoding="UTF-8"?>
<!-- Generated by org.testng.reporters.JUnitReportReporter -->
<testsuite hostname="SenthilKumar" failures="0" tests="77" name="dsalgo_stepdefinition.TestRunner" time="3756.169" errors="0" timestamp="2024-05-24T12:26:52 EDT" skipped="0">
  <testcase classname="dsalgo_stepdefinition.TestRunner" name="runScenario" time="34.397"/>
  <testcase classname="dsalgo_stepdefinition.TestRunner" name="runScenario" time="115.841"/>
  <testcase classname="dsalgo_stepdefinition.TestRunner" name="runScenario" time="76.614"/>
  <testcase classname="dsalgo_stepdefinition.TestRunner" name="runScenario" time="45.432"/>
  <testcase classname="dsalgo_stepdefinition.TestRunner" name="runScenario" time="33.030"/>
  <testcase classname="dsalgo_stepdefinition.TestRunner" name="runScenario" time="32.057"/>
  <testcase classname="dsalgo_stepdefinition.TestRunner" name="runScenario" time="34.331"/>
  <testcase classname="dsalgo_stepdefinition.TestRunner" name="runScenario" time="44.920"/>
  <testcase classname="dsalgo_stepdefinition.TestRunner" name="runScenario" time="28.715"/>
  <testcase classname="dsalgo_stepdefinition.TestRunner" name="runScenario" time="32.328"/>
  <testcase classname="dsalgo_stepdefinition.TestRunner" name="runScenario" time="60.234"/>
  <testcase classname="dsalgo_stepdefinition.TestRunner" name="runScenario" time="30.244"/>
  <testcase classname="dsalgo_stepdefinition.TestRunner" name="runScenario" time="87.841"/>
  <testcase classname="dsalgo_stepdefinition.TestRunner" name="runScenario" time="30.234"/>
  <testcase classname="dsalgo_stepdefinition.TestRunner" name="runScenario" time="71.905"/>
  <testcase classname="dsalgo_stepdefinition.TestRunner" name="runScenario" time="33.740"/>
  <testcase classname="dsalgo_stepdefinition.TestRunner" name="runScenario" time="30.055"/>
  <testcase classname="dsalgo_stepdefinition.TestRunner" name="runScenario" time="101.285"/>
  <testcase classname="dsalgo_stepdefinition.TestRunner" name="runScenario" time="43.389"/>
  <testcase classname="dsalgo_stepdefinition.TestRunner" name="runScenario" time="108.943"/>
  <testcase classname="dsalgo_stepdefinition.TestRunner" name="runScenario" time="99.681"/>
  <testcase classname="dsalgo_stepdefinition.TestRunner" name="runScenario" time="29.585"/>
  <testcase classname="dsalgo_stepdefinition.TestRunner" name="runScenario" time="29.777"/>
  <testcase classname="dsalgo_stepdefinition.TestRunner" name="runScenario" time="31.744"/>
  <testcase classname="dsalgo_stepdefinition.TestRunner" name="runScenario" time="28.906"/>
  <testcase classname="dsalgo_stepdefinition.TestRunner" name="runScenario" time="48.176"/>
  <testcase classname="dsalgo_stepdefinition.TestRunner" name="runScenario" time="29.678"/>
  <testcase classname="dsalgo_stepdefinition.TestRunner" name="runScenario" time="43.668"/>
  <testcase classname="dsalgo_stepdefinition.TestRunner" name="runScenario" time="43.411"/>
  <testcase classname="dsalgo_stepdefinition.TestRunner" name="runScenario" time="31.809"/>
  <testcase classname="dsalgo_stepdefinition.TestRunner" name="runScenario" time="61.511"/>
  <testcase classname="dsalgo_stepdefinition.TestRunner" name="runScenario" time="98.684"/>
  <testcase classname="dsalgo_stepdefinition.TestRunner" name="runScenario" time="121.830"/>
  <testcase classname="dsalgo_stepdefinition.TestRunner" name="runScenario" time="50.512"/>
  <testcase classname="dsalgo_stepdefinition.TestRunner" name="runScenario" time="29.826"/>
  <testcase classname="dsalgo_stepdefinition.TestRunner" name="runScenario" time="33.221"/>
  <testcase classname="dsalgo_stepdefinition.TestRunner" name="runScenario" time="29.490"/>
  <testcase classname="dsalgo_stepdefinition.TestRunner" name="runScenario" time="28.738"/>
  <testcase classname="dsalgo_stepdefinition.TestRunner" name="runScenario" time="31.739"/>
  <testcase classname="dsalgo_stepdefinition.TestRunner" name="runScenario" time="53.529"/>
  <testcase classname="dsalgo_stepdefinition.TestRunner" name="runScenario" time="31.613"/>
  <testcase classname="dsalgo_stepdefinition.TestRunner" name="runScenario" time="49.452"/>
  <testcase classname="dsalgo_stepdefinition.TestRunner" name="runScenario" time="31.555"/>
  <testcase classname="dsalgo_stepdefinition.TestRunner" name="runScenario" time="59.624"/>
  <testcase classname="dsalgo_stepdefinition.TestRunner" name="runScenario" time="83.566"/>
  <testcase classname="dsalgo_stepdefinition.TestRunner" name="runScenario" time="47.909"/>
  <testcase classname="dsalgo_stepdefinition.TestRunner" name="runScenario" time="29.733"/>
  <testcase classname="dsalgo_stepdefinition.TestRunner" name="runScenario" time="53.426"/>
  <testcase classname="dsalgo_stepdefinition.TestRunner" name="runScenario" time="64.160"/>
  <testcase classname="dsalgo_stepdefinition.TestRunner" name="runScenario" time="30.890"/>
  <testcase classname="dsalgo_stepdefinition.TestRunner" name="runScenario" time="39.668"/>
  <testcase classname="dsalgo_stepdefinition.TestRunner" name="runScenario" time="75.970"/>
  <testcase classname="dsalgo_stepdefinition.TestRunner" name="runScenario" time="30.713"/>
  <testcase classname="dsalgo_stepdefinition.TestRunner" name="runScenario" time="39.029"/>
  <testcase classname="dsalgo_stepdefinition.TestRunner" name="runScenario" time="32.244"/>
  <testcase classname="dsalgo_stepdefinition.TestRunner" name="runScenario" time="29.739"/>
  <testcase classname="dsalgo_stepdefinition.TestRunner" name="runScenario" time="34.602"/>
  <testcase classname="dsalgo_stepdefinition.TestRunner" name="runScenario" time="122.893"/>
  <testcase classname="dsalgo_stepdefinition.TestRunner" name="runScenario" time="30.510"/>
  <testcase classname="dsalgo_stepdefinition.TestRunner" name="runScenario" time="31.922"/>
  <testcase classname="dsalgo_stepdefinition.TestRunner" name="runScenario" time="29.328"/>
  <testcase classname="dsalgo_stepdefinition.TestRunner" name="runScenario" time="46.297"/>
  <testcase classname="dsalgo_stepdefinition.TestRunner" name="runScenario" time="31.555"/>
  <testcase classname="dsalgo_stepdefinition.TestRunner" name="runScenario" time="33.117"/>
  <testcase classname="dsalgo_stepdefinition.TestRunner" name="runScenario" time="33.903"/>
  <testcase classname="dsalgo_stepdefinition.TestRunner" name="runScenario" time="51.987"/>
  <testcase classname="dsalgo_stepdefinition.TestRunner" name="runScenario" time="31.925"/>
  <testcase classname="dsalgo_stepdefinition.TestRunner" name="runScenario" time="32.154"/>
  <testcase classname="dsalgo_stepdefinition.TestRunner" name="runScenario" time="99.639"/>
  <testcase classname="dsalgo_stepdefinition.TestRunner" name="runScenario" time="42.675"/>
  <testcase classname="dsalgo_stepdefinition.TestRunner" name="runScenario" time="29.795"/>
  <testcase classname="dsalgo_stepdefinition.TestRunner" name="runScenario" time="30.086"/>
  <testcase classname="dsalgo_stepdefinition.TestRunner" name="runScenario" time="32.108"/>
  <testcase classname="dsalgo_stepdefinition.TestRunner" name="runScenario" time="31.406"/>
  <testcase classname="dsalgo_stepdefinition.TestRunner" name="runScenario" time="130.871"/>
  <testcase classname="dsalgo_stepdefinition.TestRunner" name="runScenario" time="31.266"/>
  <testcase classname="dsalgo_stepdefinition.TestRunner" name="runScenario" time="57.789"/>
</testsuite> <!-- dsalgo_stepdefinition.TestRunner -->
