<?xml version="1.0" encoding="UTF-8"?>
<!-- Generated by org.testng.reporters.JUnitReportReporter -->
<testsuite hostname="DESKTOP-K7RU2M4" failures="0" tests="40" name="dsalgo_stepdefinition.TestRunner" time="40.170" errors="0" timestamp="2024-05-09T18:03:20 EDT" skipped="0">
  <testcase classname="dsalgo_stepdefinition.TestRunner" name="runScenario" time="1.610"/>
  <testcase classname="dsalgo_stepdefinition.TestRunner" name="runScenario" time="0.288"/>
  <testcase classname="dsalgo_stepdefinition.TestRunner" name="runScenario" time="0.264"/>
  <testcase classname="dsalgo_stepdefinition.TestRunner" name="runScenario" time="1.363"/>
  <testcase classname="dsalgo_stepdefinition.TestRunner" name="runScenario" time="0.811"/>
  <testcase classname="dsalgo_stepdefinition.TestRunner" name="runScenario" time="0.335"/>
  <testcase classname="dsalgo_stepdefinition.TestRunner" name="runScenario" time="1.372"/>
  <testcase classname="dsalgo_stepdefinition.TestRunner" name="runScenario" time="0.328"/>
  <testcase classname="dsalgo_stepdefinition.TestRunner" name="runScenario" time="0.264"/>
  <testcase classname="dsalgo_stepdefinition.TestRunner" name="runScenario" time="0.393"/>
  <testcase classname="dsalgo_stepdefinition.TestRunner" name="runScenario" time="0.309"/>
  <testcase classname="dsalgo_stepdefinition.TestRunner" name="runScenario" time="0.711"/>
  <testcase classname="dsalgo_stepdefinition.TestRunner" name="runScenario" time="1.588"/>
  <testcase classname="dsalgo_stepdefinition.TestRunner" name="runScenario" time="1.365"/>
  <testcase classname="dsalgo_stepdefinition.TestRunner" name="runScenario" time="1.581"/>
  <testcase classname="dsalgo_stepdefinition.TestRunner" name="runScenario" time="0.307"/>
  <testcase classname="dsalgo_stepdefinition.TestRunner" name="runScenario" time="0.194"/>
  <testcase classname="dsalgo_stepdefinition.TestRunner" name="runScenario" time="0.346"/>
  <testcase classname="dsalgo_stepdefinition.TestRunner" name="runScenario" time="1.367"/>
  <testcase classname="dsalgo_stepdefinition.TestRunner" name="runScenario" time="1.623"/>
  <testcase classname="dsalgo_stepdefinition.TestRunner" name="runScenario" time="1.519"/>
  <testcase classname="dsalgo_stepdefinition.TestRunner" name="runScenario" time="0.289"/>
  <testcase classname="dsalgo_stepdefinition.TestRunner" name="runScenario" time="2.833"/>
  <testcase classname="dsalgo_stepdefinition.TestRunner" name="runScenario" time="0.178"/>
  <testcase classname="dsalgo_stepdefinition.TestRunner" name="runScenario" time="0.523"/>
  <testcase classname="dsalgo_stepdefinition.TestRunner" name="runScenario" time="1.941"/>
  <testcase classname="dsalgo_stepdefinition.TestRunner" name="runScenario" time="1.438"/>
  <testcase classname="dsalgo_stepdefinition.TestRunner" name="runScenario" time="2.889"/>
  <testcase classname="dsalgo_stepdefinition.TestRunner" name="runScenario" time="1.603"/>
  <testcase classname="dsalgo_stepdefinition.TestRunner" name="runScenario" time="1.420"/>
  <testcase classname="dsalgo_stepdefinition.TestRunner" name="runScenario" time="1.659"/>
  <testcase classname="dsalgo_stepdefinition.TestRunner" name="runScenario" time="1.548"/>
  <testcase classname="dsalgo_stepdefinition.TestRunner" name="runScenario" time="0.404"/>
  <testcase classname="dsalgo_stepdefinition.TestRunner" name="runScenario" time="1.895"/>
  <testcase classname="dsalgo_stepdefinition.TestRunner" name="runScenario" time="0.267"/>
  <testcase classname="dsalgo_stepdefinition.TestRunner" name="runScenario" time="0.450"/>
  <testcase classname="dsalgo_stepdefinition.TestRunner" name="runScenario" time="0.879"/>
  <testcase classname="dsalgo_stepdefinition.TestRunner" name="runScenario" time="0.196"/>
  <testcase classname="dsalgo_stepdefinition.TestRunner" name="runScenario" time="1.425"/>
  <testcase classname="dsalgo_stepdefinition.TestRunner" name="runScenario" time="0.395"/>
</testsuite> <!-- dsalgo_stepdefinition.TestRunner -->
