<?xml version="1.0" encoding="UTF-8"?>
<!-- Generated by org.testng.reporters.JUnitReportReporter -->
<testsuite hostname="SenthilKumar" failures="0" tests="18" name="dsalgo_stepdefinition.TestRunner" time="15.770" errors="9" timestamp="2024-05-07T22:05:11 EDT" skipped="0">
  <testcase classname="dsalgo_stepdefinition.TestRunner" name="runScenario" time="0.353"/>
  <testcase classname="dsalgo_stepdefinition.TestRunner" name="runScenario" time="3.391"/>
  <testcase classname="dsalgo_stepdefinition.TestRunner" name="runScenario" time="0.011">
    <error message="TODO: implement me" type="io.cucumber.java.PendingException">
      <![CDATA[io.cucumber.java.PendingException: TODO: implement me
at dsalgo_stepdefinition.DSalgoArrayPage.user_is_on_basic_operations_in_list_page_and_verify_the_pagetitle_row_number(DSalgoArrayPage.java:78)
at ✽.User is on  Basic operations in list  page  and verify the pagetitle <rowNumber>(file:///C:/Users/senth/AutomationRepo/Ds-Algo/src/test/resources/features/ABS06_DSalgoArraypage.feature:37)
]]>
    </error>
  </testcase> <!-- runScenario -->
  <testcase classname="dsalgo_stepdefinition.TestRunner" name="runScenario" time="2.334"/>
  <testcase classname="dsalgo_stepdefinition.TestRunner" name="runScenario" time="0.887">
    <error message="TODO: implement me" type="io.cucumber.java.PendingException">
      <![CDATA[io.cucumber.java.PendingException: TODO: implement me
at dsalgo_stepdefinition.DSalgoArrayPage.the_user_is_on_the_python_editor(DSalgoArrayPage.java:48)
at ✽.The user is on the Python Editor(file:///C:/Users/senth/AutomationRepo/Ds-Algo/src/test/resources/features/ABS06_DSalgoArraypage.feature:22)
]]>
    </error>
  </testcase> <!-- runScenario -->
  <testcase classname="dsalgo_stepdefinition.TestRunner" name="runScenario" time="0.012">
    <error message="TODO: implement me" type="io.cucumber.java.PendingException">
      <![CDATA[io.cucumber.java.PendingException: TODO: implement me
at dsalgo_stepdefinition.DSalgoArrayPage.user_clicks_practice_questions_biutton_and_user_should_be_navigated_to(DSalgoArrayPage.java:114)
at ✽.User clicks Practice questions biutton  and user should be navigated to "https://dsportalapp.herokuapp.com/array/practice"(file:///C:/Users/senth/AutomationRepo/Ds-Algo/src/test/resources/features/ABS06_DSalgoArraypage.feature:65)
]]>
    </error>
  </testcase> <!-- runScenario -->
  <testcase classname="dsalgo_stepdefinition.TestRunner" name="runScenario" time="0.707"/>
  <testcase classname="dsalgo_stepdefinition.TestRunner" name="runScenario" time="0.802"/>
  <testcase classname="dsalgo_stepdefinition.TestRunner" name="runScenario" time="0.008">
    <error message="TODO: implement me" type="io.cucumber.java.PendingException">
      <![CDATA[io.cucumber.java.PendingException: TODO: implement me
at dsalgo_stepdefinition.DSalgoArrayPage.the_user_is_verifying_the_link_squares_of_a_sorted_array_and_user_should_be_navigated_to(DSalgoArrayPage.java:156)
at ✽.The user is verifying the link Squares Of a Sorted Array and user should be navigated to "https://dsportalapp.herokuapp.com/question/4"(file:///C:/Users/senth/AutomationRepo/Ds-Algo/src/test/resources/features/ABS06_DSalgoArraypage.feature:84)
]]>
    </error>
  </testcase> <!-- runScenario -->
  <testcase classname="dsalgo_stepdefinition.TestRunner" name="runScenario" time="0.011">
    <error message="TODO: implement me" type="io.cucumber.java.PendingException">
      <![CDATA[io.cucumber.java.PendingException: TODO: implement me
at dsalgo_stepdefinition.DSalgoArrayPage.user_clicks_practice_questions_biutton_and_user_should_be_navigated_to(DSalgoArrayPage.java:114)
at ✽.User clicks Practice questions biutton  and user should be navigated to "https://dsportalapp.herokuapp.com/array/practice"(file:///C:/Users/senth/AutomationRepo/Ds-Algo/src/test/resources/features/ABS06_DSalgoArraypage.feature:55)
]]>
    </error>
  </testcase> <!-- runScenario -->
  <testcase classname="dsalgo_stepdefinition.TestRunner" name="runScenario" time="0.012">
    <error message="TODO: implement me" type="io.cucumber.java.PendingException">
      <![CDATA[io.cucumber.java.PendingException: TODO: implement me
at dsalgo_stepdefinition.DSalgoArrayPage.user_is_on_arrays_using_list_page_and_verify_the_pagetitle_row_number(DSalgoArrayPage.java:66)
at ✽.User is on Arrays using list  page  and verify the pagetitle <rowNumber>(file:///C:/Users/senth/AutomationRepo/Ds-Algo/src/test/resources/features/ABS06_DSalgoArraypage.feature:29)
]]>
    </error>
  </testcase> <!-- runScenario -->
  <testcase classname="dsalgo_stepdefinition.TestRunner" name="runScenario" time="0.450"/>
  <testcase classname="dsalgo_stepdefinition.TestRunner" name="runScenario" time="0.010">
    <error message="TODO: implement me" type="io.cucumber.java.PendingException">
      <![CDATA[io.cucumber.java.PendingException: TODO: implement me
at dsalgo_stepdefinition.DSalgoArrayPage.the_user_is_verifying_the_link_find_numbers_with_even_numbers_of_digits_and_user_should_be_navigated_to(DSalgoArrayPage.java:150)
at ✽.The user is verifying the link Find Numbers With Even Numbers Of Digits and user should be navigated to "https://dsportalapp.herokuapp.com/question/3"(file:///C:/Users/senth/AutomationRepo/Ds-Algo/src/test/resources/features/ABS06_DSalgoArraypage.feature:78)
]]>
    </error>
  </testcase> <!-- runScenario -->
  <testcase classname="dsalgo_stepdefinition.TestRunner" name="runScenario" time="2.517"/>
  <testcase classname="dsalgo_stepdefinition.TestRunner" name="runScenario" time="2.630"/>
  <testcase classname="dsalgo_stepdefinition.TestRunner" name="runScenario" time="0.011">
    <error message="TODO: implement me" type="io.cucumber.java.PendingException">
      <![CDATA[io.cucumber.java.PendingException: TODO: implement me
at dsalgo_stepdefinition.DSalgoArrayPage.user_is_on_applications_of_array_page_and_verify_the_pagetitle_row_number(DSalgoArrayPage.java:96)
at ✽.User is on  Applications of array page  and verify the pagetitle <rowNumber>(file:///C:/Users/senth/AutomationRepo/Ds-Algo/src/test/resources/features/ABS06_DSalgoArraypage.feature:45)
]]>
    </error>
  </testcase> <!-- runScenario -->
  <testcase classname="dsalgo_stepdefinition.TestRunner" name="runScenario" time="0.016">
    <error message="TODO: implement me" type="io.cucumber.java.PendingException">
      <![CDATA[io.cucumber.java.PendingException: TODO: implement me
at dsalgo_stepdefinition.DSalgoArrayPage.the_user_is_verifying_the_link_max_consecutive_ones_and_user_should_be_navigated_to(DSalgoArrayPage.java:144)
at ✽.The user is verifying  the link Max consecutive Ones and user should be navigated to "https://dsportalapp.herokuapp.com/question/2"(file:///C:/Users/senth/AutomationRepo/Ds-Algo/src/test/resources/features/ABS06_DSalgoArraypage.feature:72)
]]>
    </error>
  </testcase> <!-- runScenario -->
  <testcase classname="dsalgo_stepdefinition.TestRunner" name="runScenario" time="1.608"/>
</testsuite> <!-- dsalgo_stepdefinition.TestRunner -->
