<?xml version="1.0" encoding="UTF-8"?>
<!-- Generated by org.testng.reporters.JUnitReportReporter -->
<testsuite hostname="SenthilKumar" failures="0" tests="8" name="dsalgo_stepdefinition.TestRunner" time="10.994" errors="0" timestamp="2024-05-01T13:20:53 EDT" skipped="0">
  <testcase classname="dsalgo_stepdefinition.TestRunner" name="runScenario" time="0.356"/>
  <testcase classname="dsalgo_stepdefinition.TestRunner" name="runScenario" time="2.421"/>
  <testcase classname="dsalgo_stepdefinition.TestRunner" name="runScenario" time="0.386"/>
  <testcase classname="dsalgo_stepdefinition.TestRunner" name="runScenario" time="3.146"/>
  <testcase classname="dsalgo_stepdefinition.TestRunner" name="runScenario" time="2.901"/>
  <testcase classname="dsalgo_stepdefinition.TestRunner" name="runScenario" time="0.757"/>
  <testcase classname="dsalgo_stepdefinition.TestRunner" name="runScenario" time="0.607"/>
  <testcase classname="dsalgo_stepdefinition.TestRunner" name="runScenario" time="0.420"/>
</testsuite> <!-- dsalgo_stepdefinition.TestRunner -->
