<?xml version="1.0" encoding="UTF-8"?>
<!-- Generated by org.testng.reporters.JUnitReportReporter -->
<testsuite hostname="DESKTOP-K7RU2M4" failures="0" tests="22" name="dsalgo_stepdefinition.TestRunner" time="28.072" errors="0" timestamp="2024-05-08T22:39:15 EDT" skipped="0">
  <testcase classname="dsalgo_stepdefinition.TestRunner" name="runScenario" time="4.195"/>
  <testcase classname="dsalgo_stepdefinition.TestRunner" name="runScenario" time="0.296"/>
  <testcase classname="dsalgo_stepdefinition.TestRunner" name="runScenario" time="1.573"/>
  <testcase classname="dsalgo_stepdefinition.TestRunner" name="runScenario" time="1.461"/>
  <testcase classname="dsalgo_stepdefinition.TestRunner" name="runScenario" time="1.616"/>
  <testcase classname="dsalgo_stepdefinition.TestRunner" name="runScenario" time="0.733"/>
  <testcase classname="dsalgo_stepdefinition.TestRunner" name="runScenario" time="1.587"/>
  <testcase classname="dsalgo_stepdefinition.TestRunner" name="runScenario" time="0.238"/>
  <testcase classname="dsalgo_stepdefinition.TestRunner" name="runScenario" time="1.083"/>
  <testcase classname="dsalgo_stepdefinition.TestRunner" name="runScenario" time="0.392"/>
  <testcase classname="dsalgo_stepdefinition.TestRunner" name="runScenario" time="0.270"/>
  <testcase classname="dsalgo_stepdefinition.TestRunner" name="runScenario" time="0.342"/>
  <testcase classname="dsalgo_stepdefinition.TestRunner" name="runScenario" time="0.552"/>
  <testcase classname="dsalgo_stepdefinition.TestRunner" name="runScenario" time="1.528"/>
  <testcase classname="dsalgo_stepdefinition.TestRunner" name="runScenario" time="2.177"/>
  <testcase classname="dsalgo_stepdefinition.TestRunner" name="runScenario" time="2.265"/>
  <testcase classname="dsalgo_stepdefinition.TestRunner" name="runScenario" time="0.210"/>
  <testcase classname="dsalgo_stepdefinition.TestRunner" name="runScenario" time="1.772"/>
  <testcase classname="dsalgo_stepdefinition.TestRunner" name="runScenario" time="1.401"/>
  <testcase classname="dsalgo_stepdefinition.TestRunner" name="runScenario" time="0.517"/>
  <testcase classname="dsalgo_stepdefinition.TestRunner" name="runScenario" time="3.606"/>
  <testcase classname="dsalgo_stepdefinition.TestRunner" name="runScenario" time="0.258"/>
</testsuite> <!-- dsalgo_stepdefinition.TestRunner -->
