<?xml version="1.0" encoding="UTF-8"?>
<!-- Generated by org.testng.reporters.JUnitReportReporter -->
<testsuite hostname="SenthilKumar" failures="0" tests="14" name="dsalgo_stepdefinition.TestRunner" time="21.453" errors="0" timestamp="2024-05-11T14:03:58 EDT" skipped="0">
  <testcase classname="dsalgo_stepdefinition.TestRunner" name="runScenario" time="2.112"/>
  <testcase classname="dsalgo_stepdefinition.TestRunner" name="runScenario" time="0.540"/>
  <testcase classname="dsalgo_stepdefinition.TestRunner" name="runScenario" time="1.050"/>
  <testcase classname="dsalgo_stepdefinition.TestRunner" name="runScenario" time="1.553"/>
  <testcase classname="dsalgo_stepdefinition.TestRunner" name="runScenario" time="1.937"/>
  <testcase classname="dsalgo_stepdefinition.TestRunner" name="runScenario" time="2.149"/>
  <testcase classname="dsalgo_stepdefinition.TestRunner" name="runScenario" time="2.095"/>
  <testcase classname="dsalgo_stepdefinition.TestRunner" name="runScenario" time="0.201"/>
  <testcase classname="dsalgo_stepdefinition.TestRunner" name="runScenario" time="3.337"/>
  <testcase classname="dsalgo_stepdefinition.TestRunner" name="runScenario" time="0.271"/>
  <testcase classname="dsalgo_stepdefinition.TestRunner" name="runScenario" time="2.228"/>
  <testcase classname="dsalgo_stepdefinition.TestRunner" name="runScenario" time="0.448"/>
  <testcase classname="dsalgo_stepdefinition.TestRunner" name="runScenario" time="2.293"/>
  <testcase classname="dsalgo_stepdefinition.TestRunner" name="runScenario" time="1.239"/>
</testsuite> <!-- dsalgo_stepdefinition.TestRunner -->
