<?xml version="1.0" encoding="UTF-8"?>
<!-- Generated by org.testng.reporters.JUnitReportReporter -->
<testsuite hostname="SenthilKumar" failures="0" tests="23" name="dsalgo_stepdefinition.TestRunner" time="51.696" errors="0" timestamp="2024-05-14T12:05:49 EDT" skipped="0">
  <testcase classname="dsalgo_stepdefinition.TestRunner" name="runScenario" time="2.587"/>
  <testcase classname="dsalgo_stepdefinition.TestRunner" name="runScenario" time="2.482"/>
  <testcase classname="dsalgo_stepdefinition.TestRunner" name="runScenario" time="3.153"/>
  <testcase classname="dsalgo_stepdefinition.TestRunner" name="runScenario" time="2.350"/>
  <testcase classname="dsalgo_stepdefinition.TestRunner" name="runScenario" time="2.544"/>
  <testcase classname="dsalgo_stepdefinition.TestRunner" name="runScenario" time="2.920"/>
  <testcase classname="dsalgo_stepdefinition.TestRunner" name="runScenario" time="2.487"/>
  <testcase classname="dsalgo_stepdefinition.TestRunner" name="runScenario" time="2.578"/>
  <testcase classname="dsalgo_stepdefinition.TestRunner" name="runScenario" time="4.311"/>
  <testcase classname="dsalgo_stepdefinition.TestRunner" name="runScenario" time="2.484"/>
  <testcase classname="dsalgo_stepdefinition.TestRunner" name="runScenario" time="0.480"/>
  <testcase classname="dsalgo_stepdefinition.TestRunner" name="runScenario" time="2.686"/>
  <testcase classname="dsalgo_stepdefinition.TestRunner" name="runScenario" time="0.621"/>
  <testcase classname="dsalgo_stepdefinition.TestRunner" name="runScenario" time="2.310"/>
  <testcase classname="dsalgo_stepdefinition.TestRunner" name="runScenario" time="2.546"/>
  <testcase classname="dsalgo_stepdefinition.TestRunner" name="runScenario" time="2.865"/>
  <testcase classname="dsalgo_stepdefinition.TestRunner" name="runScenario" time="2.468"/>
  <testcase classname="dsalgo_stepdefinition.TestRunner" name="runScenario" time="0.656"/>
  <testcase classname="dsalgo_stepdefinition.TestRunner" name="runScenario" time="2.785"/>
  <testcase classname="dsalgo_stepdefinition.TestRunner" name="runScenario" time="2.587"/>
  <testcase classname="dsalgo_stepdefinition.TestRunner" name="runScenario" time="0.290"/>
  <testcase classname="dsalgo_stepdefinition.TestRunner" name="runScenario" time="0.838"/>
  <testcase classname="dsalgo_stepdefinition.TestRunner" name="runScenario" time="2.668"/>
</testsuite> <!-- dsalgo_stepdefinition.TestRunner -->
